<?xml version="1.0" encoding="utf-8"?><testsuites name="pytest tests"><testsuite name="pytest" errors="0" failures="0" skipped="0" tests="67" time="13.795" timestamp="2026-08-19T19:36:52.406257+00:00" hostname="agent-env-e408757a-f0cf-45bd-a1b0-03f55f404625"><testcase classname="tests.backend_test.TestLogin" name="test_admin_login" time="0.234" /><testcase classname="tests.test_iter5_features.TestSupportInterval" name="test_support_monthly_returns_503_mentioning_plan_id" time="0.539" /><testcase classname="tests.backend_test.TestLogin" name="test_reporter_login" time="0.180" /><testcase classname="tests.backend_test.TestLogin" name="test_reader_login" time="0.193" /><testcase classname="tests.test_iter5_features.TestSupportInterval" name="test_support_once_returns_503_when_keys_missing" time="0.389" /><testcase classname="tests.backend_test.TestLogin" name="test_wrong_password_returns_401" time="0.176" /><testcase classname="tests.backend_test.TestLogin" name="test_me_without_token_returns_401" time="0.152" /><testcase classname="tests.test_iter5_features.TestSupportInterval" name="test_support_invalid_interval_returns_400" time="0.424" /><testcase classname="tests.backend_test.TestLogin" name="test_me_with_token" time="0.344" /><testcase classname="tests.test_iter6_features.TestPledges" name="test_pledges_requires_auth" time="0.143" /><testcase classname="tests.test_iter5_features.TestSupportInterval" name="test_support_wrong_amount_returns_400_once" time="0.333" /><testcase classname="tests.test_iter6_features.TestPledges" name="test_pledges_empty_for_reader" time="0.325" /><testcase classname="tests.test_iter5_features.TestSupportInterval" name="test_support_wrong_amount_returns_400_monthly" time="0.367" /><testcase classname="tests.test_iter6_features.TestPledges" name="test_cancel_pledge_requires_auth" time="0.162" /><testcase classname="tests.test_iter6_features.TestPledges" name="test_cancel_unknown_pledge_404" time="0.501" /><testcase classname="tests.test_iter5_features.TestSupportInterval" name="test_support_requires_client_role" time="0.645" /><testcase classname="tests.test_iter6_features.TestPledges" name="test_cancel_monthly_pledge_without_subscription_id" time="0.655" /><testcase classname="tests.backend_test.TestPosts" name="test_reporter_can_create_and_list_mine" time="0.517" /><testcase classname="tests.test_iter6_features.TestPledges" name="test_cancel_monthly_pledge_with_subscription_returns_503_without_keys" time="0.370" /><testcase classname="tests.backend_test.TestPosts" name="test_reader_cannot_create_post" time="0.333" /><testcase classname="tests.backend_test.TestPosts" name="test_delete_own_post_succeeds" time="0.563" /><testcase classname="tests.backend_test.TestAdmin" name="test_overview_requires_admin" time="0.513" /><testcase classname="tests.backend_test.TestAdmin" name="test_admin_users_list" time="0.394" /><testcase classname="tests.backend_test.TestPosts" name="test_other_reporter_cannot_delete" time="0.645" /><testcase classname="tests.backend_test.TestAdmin" name="test_disable_enable_verify_flow" time="1.018" /><testcase classname="tests.backend_test.TestPosts" name="test_admin_can_delete_any_post" time="0.518" /><testcase classname="tests.backend_test.TestAdmin" name="test_admin_cannot_disable_self" time="0.396" /><testcase classname="tests.test_iter6_features.TestBookmarks" name="test_bookmark_requires_auth" time="0.560" /><testcase classname="tests.backend_test.TestAdmin" name="test_non_admin_cannot_disable" time="0.254" /><testcase classname="tests.test_iter6_features.TestBookmarks" name="test_list_bookmarks_requires_auth" time="0.131" /><testcase classname="tests.test_iter6_features.TestBookmarks" name="test_bookmark_unknown_post_returns_404" time="0.460" /><testcase classname="tests.test_iter4_features.TestFollow" name="test_follow_self_returns_400" time="0.507" /><testcase classname="tests.test_iter6_features.TestBookmarks" name="test_bookmark_create_get_idempotent_and_delete" time="1.118" /><testcase classname="tests.test_iter4_features.TestFollow" name="test_follow_unknown_returns_404" time="0.343" /><testcase classname="tests.test_iter4_features.TestFollow" name="test_follow_requires_auth" time="0.150" /><testcase classname="tests.test_iter4_features.TestFollow" name="test_follow_idempotent_then_unfollow" time="1.158" /><testcase classname="tests.test_iter6_features.TestBookmarks" name="test_bookmarks_ordered_created_at_desc" time="1.472" /><testcase classname="tests.backend_test.TestRegister" name="test_register_client_returns_bearer" time="0.207" /><testcase classname="tests.backend_test.TestRegister" name="test_register_reporter_returns_bearer" time="0.197" /><testcase classname="tests.backend_test.TestRegister" name="test_register_duplicate_email_returns_409" time="0.216" /><testcase classname="tests.backend_test.TestProviderGating" name="test_support_returns_503_friendly" time="0.135" /><testcase classname="tests.test_iter6_features.TestReadsAndTrending" name="test_read_requires_auth" time="0.147" /><testcase classname="tests.backend_test.TestProviderGating" name="test_live_token_returns_503_friendly" time="0.331" /><testcase classname="tests.test_iter6_features.TestReadsAndTrending" name="test_read_unknown_post_404" time="0.159" /><testcase classname="tests.backend_test.TestProviderGating" name="test_media_upload_returns_503_friendly" time="0.182" /><testcase classname="tests.test_iter6_features.TestReadsAndTrending" name="test_read_dedupes_same_day" time="0.326" /><testcase classname="tests.test_iter4_features.TestLiveViewerToken" name="test_viewer_token_requires_auth" time="0.138" /><testcase classname="tests.test_iter6_features.TestReadsAndTrending" name="test_trending_public_and_shape" time="0.505" /><testcase classname="tests.test_iter4_features.TestLiveViewerToken" name="test_viewer_token_503_when_livekit_missing" time="0.316" /><testcase classname="tests.test_iter4_features.TestLiveViewerToken" name="test_viewer_token_empty_room_returns_400" time="0.149" /><testcase classname="tests.test_iter5_features.TestFollowingFeed" name="test_following_feed_requires_auth" time="0.200" /><testcase classname="tests.test_iter4_features.TestReportersShape" name="test_list_has_support_total" time="0.156" /><testcase classname="tests.test_iter4_features.TestReportersShape" name="test_reporter_detail_shape_unauth" time="0.546" /><testcase classname="tests.test_iter5_features.TestFollowingFeed" name="test_following_feed_empty_before_follow" time="0.837" /><testcase classname="tests.test_iter4_features.TestReportersShape" name="test_reporter_detail_unknown_returns_404" time="0.136" /><testcase classname="tests.backend_test.TestPublic" name="test_feed_is_public_array" time="0.163" /><testcase classname="tests.test_iter5_features.TestFollowingFeed" name="test_following_feed_returns_posts_after_follow" time="0.849" /><testcase classname="tests.backend_test.TestPublic" name="test_reporters_is_public_array" time="0.142" /><testcase classname="tests.backend_test.TestReports" name="test_authenticated_user_can_report" time="0.332" /><testcase classname="tests.backend_test.TestReports" name="test_resolve_requires_admin_and_is_idempotent" time="0.733" /><testcase classname="tests.test_iter5_features.TestReporterEarnings" name="test_earnings_requires_reporter_role" time="0.139" /><testcase classname="tests.test_iter5_features.TestReporterEarnings" name="test_earnings_requires_auth" time="0.172" /><testcase classname="tests.test_iter5_features.TestReporterEarnings" name="test_earnings_shape_for_reporter" time="0.137" /><testcase classname="tests.test_iter4_features.TestMediaStatus" name="test_media_status_requires_auth" time="0.133" /><testcase classname="tests.test_iter4_features.TestPostsWithMedia" name="test_post_with_media_survives_on_feed" time="0.730" /><testcase classname="tests.test_iter4_features.TestMediaStatus" name="test_media_status_503_without_mux" time="0.406" /><testcase classname="tests.test_iter5_features.TestSupportVerifySubscription" name="test_verify_subscription_503_without_keys" time="0.333" /></testsuite></testsuites>