<?xml version="1.0" encoding="utf-8"?><testsuites name="pytest tests"><testsuite name="pytest" errors="0" failures="0" skipped="0" tests="26" time="5.844" timestamp="2026-08-19T18:50:35.582353+00:00" hostname="agent-env-e408757a-f0cf-45bd-a1b0-03f55f404625"><testcase classname="tests.backend_test.TestLogin" name="test_admin_login" time="0.930" /><testcase classname="tests.backend_test.TestPosts" name="test_reporter_can_create_and_list_mine" time="1.187" /><testcase classname="tests.backend_test.TestLogin" name="test_reporter_login" time="0.184" /><testcase classname="tests.backend_test.TestLogin" name="test_reader_login" time="0.272" /><testcase classname="tests.backend_test.TestPosts" name="test_reader_cannot_create_post" time="0.298" /><testcase classname="tests.backend_test.TestLogin" name="test_wrong_password_returns_401" time="0.178" /><testcase classname="tests.backend_test.TestPosts" name="test_delete_own_post_succeeds" time="0.488" /><testcase classname="tests.backend_test.TestLogin" name="test_me_without_token_returns_401" time="0.158" /><testcase classname="tests.backend_test.TestLogin" name="test_me_with_token" time="0.308" /><testcase classname="tests.backend_test.TestPosts" name="test_other_reporter_cannot_delete" time="0.638" /><testcase classname="tests.backend_test.TestAdmin" name="test_overview_requires_admin" time="0.629" /><testcase classname="tests.backend_test.TestAdmin" name="test_admin_users_list" time="0.321" /><testcase classname="tests.backend_test.TestPosts" name="test_admin_can_delete_any_post" time="0.544" /><testcase classname="tests.backend_test.TestAdmin" name="test_disable_enable_verify_flow" time="0.861" /><testcase classname="tests.backend_test.TestRegister" name="test_register_client_returns_bearer" time="0.235" /><testcase classname="tests.backend_test.TestRegister" name="test_register_reporter_returns_bearer" time="0.236" /><testcase classname="tests.backend_test.TestRegister" name="test_register_duplicate_email_returns_409" time="0.152" /><testcase classname="tests.backend_test.TestProviderGating" name="test_support_returns_503_friendly" time="0.167" /><testcase classname="tests.backend_test.TestAdmin" name="test_admin_cannot_disable_self" time="0.335" /><testcase classname="tests.backend_test.TestProviderGating" name="test_live_token_returns_503_friendly" time="0.168" /><testcase classname="tests.backend_test.TestProviderGating" name="test_media_upload_returns_503_friendly" time="0.169" /><testcase classname="tests.backend_test.TestAdmin" name="test_non_admin_cannot_disable" time="0.343" /><testcase classname="tests.backend_test.TestReports" name="test_authenticated_user_can_report" time="0.347" /><testcase classname="tests.backend_test.TestPublic" name="test_feed_is_public_array" time="0.158" /><testcase classname="tests.backend_test.TestReports" name="test_resolve_requires_admin_and_is_idempotent" time="0.893" /><testcase classname="tests.backend_test.TestPublic" name="test_reporters_is_public_array" time="0.219" /></testsuite></testsuites>