<?xml version="1.0" encoding="utf-8"?><testsuites name="pytest tests"><testsuite name="pytest" errors="0" failures="0" skipped="0" tests="39" time="8.070" timestamp="2026-08-19T19:07:18.471664+00:00" hostname="agent-env-e408757a-f0cf-45bd-a1b0-03f55f404625"><testcase classname="tests.backend_test.TestLogin" name="test_admin_login" time="0.359" /><testcase classname="tests.backend_test.TestLogin" name="test_reporter_login" time="0.156" /><testcase classname="tests.backend_test.TestPosts" name="test_reporter_can_create_and_list_mine" time="0.783" /><testcase classname="tests.backend_test.TestLogin" name="test_reader_login" time="0.273" /><testcase classname="tests.backend_test.TestLogin" name="test_wrong_password_returns_401" time="0.304" /><testcase classname="tests.backend_test.TestLogin" name="test_me_without_token_returns_401" time="0.236" /><testcase classname="tests.backend_test.TestPosts" name="test_reader_cannot_create_post" time="0.463" /><testcase classname="tests.backend_test.TestPosts" name="test_delete_own_post_succeeds" time="0.515" /><testcase classname="tests.backend_test.TestLogin" name="test_me_with_token" time="0.387" /><testcase classname="tests.backend_test.TestPosts" name="test_other_reporter_cannot_delete" time="0.812" /><testcase classname="tests.backend_test.TestAdmin" name="test_overview_requires_admin" time="0.581" /><testcase classname="tests.backend_test.TestAdmin" name="test_admin_users_list" time="0.286" /><testcase classname="tests.backend_test.TestAdmin" name="test_disable_enable_verify_flow" time="1.066" /><testcase classname="tests.backend_test.TestPosts" name="test_admin_can_delete_any_post" time="0.468" /><testcase classname="tests.test_iter4_features.TestFollow" name="test_follow_self_returns_400" time="0.497" /><testcase classname="tests.backend_test.TestAdmin" name="test_admin_cannot_disable_self" time="0.388" /><testcase classname="tests.test_iter4_features.TestFollow" name="test_follow_unknown_returns_404" time="0.406" /><testcase classname="tests.test_iter4_features.TestFollow" name="test_follow_requires_auth" time="0.167" /><testcase classname="tests.backend_test.TestAdmin" name="test_non_admin_cannot_disable" time="0.293" /><testcase classname="tests.test_iter4_features.TestFollow" name="test_follow_idempotent_then_unfollow" time="0.961" /><testcase classname="tests.backend_test.TestRegister" name="test_register_client_returns_bearer" time="0.214" /><testcase classname="tests.backend_test.TestRegister" name="test_register_reporter_returns_bearer" time="0.214" /><testcase classname="tests.backend_test.TestRegister" name="test_register_duplicate_email_returns_409" time="0.162" /><testcase classname="tests.test_iter4_features.TestLiveViewerToken" name="test_viewer_token_requires_auth" time="0.163" /><testcase classname="tests.backend_test.TestProviderGating" name="test_support_returns_503_friendly" time="0.258" /><testcase classname="tests.test_iter4_features.TestLiveViewerToken" name="test_viewer_token_503_when_livekit_missing" time="0.406" /><testcase classname="tests.backend_test.TestProviderGating" name="test_live_token_returns_503_friendly" time="0.163" /><testcase classname="tests.test_iter4_features.TestLiveViewerToken" name="test_viewer_token_empty_room_returns_400" time="0.177" /><testcase classname="tests.backend_test.TestProviderGating" name="test_media_upload_returns_503_friendly" time="0.144" /><testcase classname="tests.backend_test.TestPublic" name="test_feed_is_public_array" time="0.130" /><testcase classname="tests.test_iter4_features.TestReportersShape" name="test_list_has_support_total" time="0.177" /><testcase classname="tests.backend_test.TestPublic" name="test_reporters_is_public_array" time="0.152" /><testcase classname="tests.backend_test.TestReports" name="test_authenticated_user_can_report" time="0.279" /><testcase classname="tests.test_iter4_features.TestReportersShape" name="test_reporter_detail_shape_unauth" time="0.498" /><testcase classname="tests.backend_test.TestReports" name="test_resolve_requires_admin_and_is_idempotent" time="0.890" /><testcase classname="tests.test_iter4_features.TestReportersShape" name="test_reporter_detail_unknown_returns_404" time="0.148" /><testcase classname="tests.test_iter4_features.TestMediaStatus" name="test_media_status_requires_auth" time="0.120" /><testcase classname="tests.test_iter4_features.TestMediaStatus" name="test_media_status_503_without_mux" time="0.278" /><testcase classname="tests.test_iter4_features.TestPostsWithMedia" name="test_post_with_media_survives_on_feed" time="0.662" /></testsuite></testsuites>