<?xml version="1.0" encoding="utf-8"?><testsuites name="pytest tests"><testsuite name="pytest" errors="0" failures="0" skipped="0" tests="52" time="10.120" timestamp="2026-08-19T19:24:17.461616+00:00" hostname="agent-env-e408757a-f0cf-45bd-a1b0-03f55f404625"><testcase classname="tests.backend_test.TestLogin" name="test_admin_login" time="0.288" /><testcase classname="tests.backend_test.TestLogin" name="test_reporter_login" time="0.216" /><testcase classname="tests.test_iter5_features.TestSupportInterval" name="test_support_monthly_returns_503_mentioning_plan_id" time="0.806" /><testcase classname="tests.backend_test.TestLogin" name="test_reader_login" time="0.297" /><testcase classname="tests.backend_test.TestLogin" name="test_wrong_password_returns_401" time="0.242" /><testcase classname="tests.test_iter5_features.TestSupportInterval" name="test_support_once_returns_503_when_keys_missing" time="0.417" /><testcase classname="tests.backend_test.TestLogin" name="test_me_without_token_returns_401" time="0.117" /><testcase classname="tests.test_iter5_features.TestSupportInterval" name="test_support_invalid_interval_returns_400" time="0.385" /><testcase classname="tests.backend_test.TestLogin" name="test_me_with_token" time="0.381" /><testcase classname="tests.test_iter5_features.TestSupportInterval" name="test_support_wrong_amount_returns_400_once" time="0.379" /><testcase classname="tests.backend_test.TestPosts" name="test_reporter_can_create_and_list_mine" time="0.501" /><testcase classname="tests.test_iter5_features.TestSupportInterval" name="test_support_wrong_amount_returns_400_monthly" time="0.313" /><testcase classname="tests.backend_test.TestPosts" name="test_reader_cannot_create_post" time="0.347" /><testcase classname="tests.backend_test.TestPosts" name="test_delete_own_post_succeeds" time="0.477" /><testcase classname="tests.test_iter5_features.TestSupportInterval" name="test_support_requires_client_role" time="0.510" /><testcase classname="tests.backend_test.TestPosts" name="test_other_reporter_cannot_delete" time="0.616" /><testcase classname="tests.backend_test.TestAdmin" name="test_overview_requires_admin" time="0.587" /><testcase classname="tests.backend_test.TestAdmin" name="test_admin_users_list" time="0.325" /><testcase classname="tests.backend_test.TestPosts" name="test_admin_can_delete_any_post" time="0.303" /><testcase classname="tests.backend_test.TestAdmin" name="test_disable_enable_verify_flow" time="1.048" /><testcase classname="tests.test_iter4_features.TestFollow" name="test_follow_self_returns_400" time="0.577" /><testcase classname="tests.test_iter4_features.TestFollow" name="test_follow_unknown_returns_404" time="0.366" /><testcase classname="tests.test_iter4_features.TestFollow" name="test_follow_requires_auth" time="0.168" /><testcase classname="tests.backend_test.TestAdmin" name="test_admin_cannot_disable_self" time="0.360" /><testcase classname="tests.test_iter4_features.TestFollow" name="test_follow_idempotent_then_unfollow" time="0.989" /><testcase classname="tests.backend_test.TestAdmin" name="test_non_admin_cannot_disable" time="0.347" /><testcase classname="tests.backend_test.TestProviderGating" name="test_support_returns_503_friendly" time="0.143" /><testcase classname="tests.backend_test.TestProviderGating" name="test_live_token_returns_503_friendly" time="0.321" /><testcase classname="tests.backend_test.TestRegister" name="test_register_client_returns_bearer" time="0.179" /><testcase classname="tests.backend_test.TestProviderGating" name="test_media_upload_returns_503_friendly" time="0.139" /><testcase classname="tests.backend_test.TestRegister" name="test_register_reporter_returns_bearer" time="0.172" /><testcase classname="tests.test_iter4_features.TestLiveViewerToken" name="test_viewer_token_requires_auth" time="0.143" /><testcase classname="tests.backend_test.TestRegister" name="test_register_duplicate_email_returns_409" time="0.137" /><testcase classname="tests.test_iter4_features.TestReportersShape" name="test_list_has_support_total" time="0.147" /><testcase classname="tests.test_iter4_features.TestLiveViewerToken" name="test_viewer_token_503_when_livekit_missing" time="0.405" /><testcase classname="tests.test_iter4_features.TestLiveViewerToken" name="test_viewer_token_empty_room_returns_400" time="0.213" /><testcase classname="tests.test_iter5_features.TestFollowingFeed" name="test_following_feed_requires_auth" time="0.135" /><testcase classname="tests.test_iter4_features.TestReportersShape" name="test_reporter_detail_shape_unauth" time="0.513" /><testcase classname="tests.test_iter4_features.TestReportersShape" name="test_reporter_detail_unknown_returns_404" time="0.180" /><testcase classname="tests.test_iter5_features.TestReporterEarnings" name="test_earnings_requires_reporter_role" time="0.332" /><testcase classname="tests.test_iter5_features.TestFollowingFeed" name="test_following_feed_empty_before_follow" time="0.841" /><testcase classname="tests.test_iter5_features.TestReporterEarnings" name="test_earnings_requires_auth" time="0.107" /><testcase classname="tests.test_iter5_features.TestFollowingFeed" name="test_following_feed_returns_posts_after_follow" time="0.751" /><testcase classname="tests.test_iter5_features.TestReporterEarnings" name="test_earnings_shape_for_reporter" time="0.385" /><testcase classname="tests.backend_test.TestReports" name="test_authenticated_user_can_report" time="0.344" /><testcase classname="tests.backend_test.TestReports" name="test_resolve_requires_admin_and_is_idempotent" time="0.715" /><testcase classname="tests.backend_test.TestPublic" name="test_feed_is_public_array" time="0.139" /><testcase classname="tests.backend_test.TestPublic" name="test_reporters_is_public_array" time="0.140" /><testcase classname="tests.test_iter4_features.TestPostsWithMedia" name="test_post_with_media_survives_on_feed" time="0.643" /><testcase classname="tests.test_iter4_features.TestMediaStatus" name="test_media_status_requires_auth" time="0.159" /><testcase classname="tests.test_iter4_features.TestMediaStatus" name="test_media_status_503_without_mux" time="0.292" /><testcase classname="tests.test_iter5_features.TestSupportVerifySubscription" name="test_verify_subscription_503_without_keys" time="0.300" /></testsuite></testsuites>